<?xml version="1.0" encoding="UTF-8"?>
<!-- Generated by org.testng.reporters.JUnitReportReporter -->
<testsuite hostname="MT-5CD12777KZ" failures="0" tests="2" name="assignment1.mavenn.Basic" time="30.849" errors="0" timestamp="2021-11-03T14:37:32 IST" skipped="0">
  <testcase classname="assignment1.mavenn.Basic" name="edge" time="8.734"/>
  <system-out/>
  <testcase classname="assignment1.mavenn.Basic" name="chrome" time="22.115"/>
  <system-out/>
</testsuite> <!-- assignment1.mavenn.Basic -->
